2024-08-31 09:23:53 DEBUG FavoriteProductsServiceIMPL:21 - Entering addProductToFavorites() method with favorite: FavoriteProductsEntity [fav_id=0, userId=100, productId=1, productName=null, productPrice=0.0, productDiscount=null, imgUrl=null]
2024-08-31 09:23:53 ERROR FavoriteProductsServiceIMPL:37 - Exception in addProductToFavorites() method
java.lang.RuntimeException: Product not found
	at com.revshop.service.impl.FavoriteProductsServiceIMPL.addProductToFavorites(FavoriteProductsServiceIMPL.java:24)
	at com.revature.test.FavoriteProductsServiceIMPLTest.testAddProductToFavorites_Failure(FavoriteProductsServiceIMPLTest.java:76)
	at java.base/jdk.internal.reflect.DirectMethodHandleAccessor.invoke(DirectMethodHandleAccessor.java:103)
	at java.base/java.lang.reflect.Method.invoke(Method.java:580)
	at org.junit.platform.commons.util.ReflectionUtils.invokeMethod(ReflectionUtils.java:725)
	at org.junit.jupiter.engine.execution.MethodInvocation.proceed(MethodInvocation.java:60)
	at org.junit.jupiter.engine.execution.InvocationInterceptorChain$ValidatingInvocation.proceed(InvocationInterceptorChain.java:131)
	at org.junit.jupiter.engine.extension.TimeoutExtension.intercept(TimeoutExtension.java:149)
	at org.junit.jupiter.engine.extension.TimeoutExtension.interceptTestableMethod(TimeoutExtension.java:140)
	at org.junit.jupiter.engine.extension.TimeoutExtension.interceptTestMethod(TimeoutExtension.java:84)
	at org.junit.jupiter.engine.execution.ExecutableInvoker$ReflectiveInterceptorCall.lambda$ofVoidMethod$0(ExecutableInvoker.java:115)
	at org.junit.jupiter.engine.execution.ExecutableInvoker.lambda$invoke$0(ExecutableInvoker.java:105)
	at org.junit.jupiter.engine.execution.InvocationInterceptorChain$InterceptedInvocation.proceed(InvocationInterceptorChain.java:106)
	at org.junit.jupiter.engine.execution.InvocationInterceptorChain.proceed(InvocationInterceptorChain.java:64)
	at org.junit.jupiter.engine.execution.InvocationInterceptorChain.chainAndInvoke(InvocationInterceptorChain.java:45)
	at org.junit.jupiter.engine.execution.InvocationInterceptorChain.invoke(InvocationInterceptorChain.java:37)
	at org.junit.jupiter.engine.execution.ExecutableInvoker.invoke(ExecutableInvoker.java:104)
	at org.junit.jupiter.engine.execution.ExecutableInvoker.invoke(ExecutableInvoker.java:98)
	at org.junit.jupiter.engine.descriptor.TestMethodTestDescriptor.lambda$invokeTestMethod$7(TestMethodTestDescriptor.java:214)
	at org.junit.platform.engine.support.hierarchical.ThrowableCollector.execute(ThrowableCollector.java:73)
	at org.junit.jupiter.engine.descriptor.TestMethodTestDescriptor.invokeTestMethod(TestMethodTestDescriptor.java:210)
	at org.junit.jupiter.engine.descriptor.TestMethodTestDescriptor.execute(TestMethodTestDescriptor.java:135)
	at org.junit.jupiter.engine.descriptor.TestMethodTestDescriptor.execute(TestMethodTestDescriptor.java:66)
	at org.junit.platform.engine.support.hierarchical.NodeTestTask.lambda$executeRecursively$6(NodeTestTask.java:151)
	at org.junit.platform.engine.support.hierarchical.ThrowableCollector.execute(ThrowableCollector.java:73)
	at org.junit.platform.engine.support.hierarchical.NodeTestTask.lambda$executeRecursively$8(NodeTestTask.java:141)
	at org.junit.platform.engine.support.hierarchical.Node.around(Node.java:137)
	at org.junit.platform.engine.support.hierarchical.NodeTestTask.lambda$executeRecursively$9(NodeTestTask.java:139)
	at org.junit.platform.engine.support.hierarchical.ThrowableCollector.execute(ThrowableCollector.java:73)
	at org.junit.platform.engine.support.hierarchical.NodeTestTask.executeRecursively(NodeTestTask.java:138)
	at org.junit.platform.engine.support.hierarchical.NodeTestTask.execute(NodeTestTask.java:95)
	at java.base/java.util.ArrayList.forEach(ArrayList.java:1597)
	at org.junit.platform.engine.support.hierarchical.SameThreadHierarchicalTestExecutorService.invokeAll(SameThreadHierarchicalTestExecutorService.java:41)
	at org.junit.platform.engine.support.hierarchical.NodeTestTask.lambda$executeRecursively$6(NodeTestTask.java:155)
	at org.junit.platform.engine.support.hierarchical.ThrowableCollector.execute(ThrowableCollector.java:73)
	at org.junit.platform.engine.support.hierarchical.NodeTestTask.lambda$executeRecursively$8(NodeTestTask.java:141)
	at org.junit.platform.engine.support.hierarchical.Node.around(Node.java:137)
	at org.junit.platform.engine.support.hierarchical.NodeTestTask.lambda$executeRecursively$9(NodeTestTask.java:139)
	at org.junit.platform.engine.support.hierarchical.ThrowableCollector.execute(ThrowableCollector.java:73)
	at org.junit.platform.engine.support.hierarchical.NodeTestTask.executeRecursively(NodeTestTask.java:138)
	at org.junit.platform.engine.support.hierarchical.NodeTestTask.execute(NodeTestTask.java:95)
	at java.base/java.util.ArrayList.forEach(ArrayList.java:1597)
	at org.junit.platform.engine.support.hierarchical.SameThreadHierarchicalTestExecutorService.invokeAll(SameThreadHierarchicalTestExecutorService.java:41)
	at org.junit.platform.engine.support.hierarchical.NodeTestTask.lambda$executeRecursively$6(NodeTestTask.java:155)
	at org.junit.platform.engine.support.hierarchical.ThrowableCollector.execute(ThrowableCollector.java:73)
	at org.junit.platform.engine.support.hierarchical.NodeTestTask.lambda$executeRecursively$8(NodeTestTask.java:141)
	at org.junit.platform.engine.support.hierarchical.Node.around(Node.java:137)
	at org.junit.platform.engine.support.hierarchical.NodeTestTask.lambda$executeRecursively$9(NodeTestTask.java:139)
	at org.junit.platform.engine.support.hierarchical.ThrowableCollector.execute(ThrowableCollector.java:73)
	at org.junit.platform.engine.support.hierarchical.NodeTestTask.executeRecursively(NodeTestTask.java:138)
	at org.junit.platform.engine.support.hierarchical.NodeTestTask.execute(NodeTestTask.java:95)
	at org.junit.platform.engine.support.hierarchical.SameThreadHierarchicalTestExecutorService.submit(SameThreadHierarchicalTestExecutorService.java:35)
	at org.junit.platform.engine.support.hierarchical.HierarchicalTestExecutor.execute(HierarchicalTestExecutor.java:57)
	at org.junit.platform.engine.support.hierarchical.HierarchicalTestEngine.execute(HierarchicalTestEngine.java:54)
	at org.junit.platform.launcher.core.EngineExecutionOrchestrator.execute(EngineExecutionOrchestrator.java:107)
	at org.junit.platform.launcher.core.EngineExecutionOrchestrator.execute(EngineExecutionOrchestrator.java:88)
	at org.junit.platform.launcher.core.EngineExecutionOrchestrator.lambda$execute$0(EngineExecutionOrchestrator.java:54)
	at org.junit.platform.launcher.core.EngineExecutionOrchestrator.withInterceptedStreams(EngineExecutionOrchestrator.java:67)
	at org.junit.platform.launcher.core.EngineExecutionOrchestrator.execute(EngineExecutionOrchestrator.java:52)
	at org.junit.platform.launcher.core.DefaultLauncher.execute(DefaultLauncher.java:114)
	at org.junit.platform.launcher.core.DefaultLauncher.execute(DefaultLauncher.java:95)
	at org.junit.platform.launcher.core.DefaultLauncherSession$DelegatingLauncher.execute(DefaultLauncherSession.java:91)
	at org.junit.platform.launcher.core.SessionPerRequestLauncher.execute(SessionPerRequestLauncher.java:60)
	at org.eclipse.jdt.internal.junit5.runner.JUnit5TestReference.run(JUnit5TestReference.java:100)
	at org.eclipse.jdt.internal.junit.runner.TestExecution.run(TestExecution.java:40)
	at org.eclipse.jdt.internal.junit.runner.RemoteTestRunner.runTests(RemoteTestRunner.java:529)
	at org.eclipse.jdt.internal.junit.runner.RemoteTestRunner.runTests(RemoteTestRunner.java:757)
	at org.eclipse.jdt.internal.junit.runner.RemoteTestRunner.run(RemoteTestRunner.java:452)
	at org.eclipse.jdt.internal.junit.runner.RemoteTestRunner.main(RemoteTestRunner.java:210)
2024-08-31 09:23:53 DEBUG FavoriteProductsServiceIMPL:44 - Entering getFavoritesByUserId() method with userId: 100
2024-08-31 09:23:53 DEBUG FavoriteProductsServiceIMPL:46 - Exiting getFavoritesByUserId() method with result: [FavoriteProductsEntity [fav_id=1, userId=100, productId=1, productName=null, productPrice=0.0, productDiscount=null, imgUrl=null], FavoriteProductsEntity [fav_id=2, userId=100, productId=2, productName=null, productPrice=0.0, productDiscount=null, imgUrl=null]]
2024-08-31 09:23:53 DEBUG FavoriteProductsServiceIMPL:52 - Entering removeProductFromFavorites() method with favoriteId: 1
2024-08-31 09:23:53 DEBUG FavoriteProductsServiceIMPL:54 - Exiting removeProductFromFavorites() method with result: true
2024-08-31 09:23:53 DEBUG FavoriteProductsServiceIMPL:21 - Entering addProductToFavorites() method with favorite: FavoriteProductsEntity [fav_id=0, userId=100, productId=1, productName=null, productPrice=0.0, productDiscount=null, imgUrl=null]
2024-08-31 09:23:53 DEBUG FavoriteProductsServiceIMPL:26 - Product retrieved: ProductEntity [productId=1, productName=Test Product, productDescription=null, productPrice=100.0, productDiscount=10.0, productStock=0, productBrand=null, productCategory=null, productTags=null, productStatus=null, productImage=img.jpg, sellerId=0, threshold=0]
2024-08-31 09:23:53 DEBUG FavoriteProductsServiceIMPL:34 - Exiting addProductToFavorites() method with result: true
2024-08-31 09:23:53 DEBUG FavoriteProductsServiceIMPL:52 - Entering removeProductFromFavorites() method with favoriteId: 1
2024-08-31 09:23:53 DEBUG FavoriteProductsServiceIMPL:54 - Exiting removeProductFromFavorites() method with result: false
2024-08-31 09:25:32 DEBUG UserDAO:209 - Entering initialInsertAndGetKeys() method with entity: RegistrationDTO [loginId=0, userId=0, userName=null, email=test@example.com, password=null, isFirstLogin=false, role=null]
2024-08-31 09:25:32 DEBUG UserDAO:236 - Generated userId: 8
2024-08-31 09:25:32 DEBUG UserDAO:244 - Exiting initialInsertAndGetKeys() method
2024-08-31 09:25:32 DEBUG UserDAO:209 - Entering initialInsertAndGetKeys() method with entity: RegistrationDTO [loginId=0, userId=0, userName=null, email=test@example.com, password=null, isFirstLogin=false, role=null]
2024-08-31 09:25:32 DEBUG UserDAO:236 - Generated userId: 9
2024-08-31 09:25:32 DEBUG UserDAO:244 - Exiting initialInsertAndGetKeys() method
2024-08-31 09:25:55 DEBUG UserDAO:209 - Entering initialInsertAndGetKeys() method with entity: RegistrationDTO [loginId=0, userId=0, userName=null, email=test@example.com, password=null, isFirstLogin=false, role=null]
2024-08-31 09:25:55 DEBUG UserDAO:236 - Generated userId: 10
2024-08-31 09:25:55 DEBUG UserDAO:244 - Exiting initialInsertAndGetKeys() method
2024-08-31 09:25:55 DEBUG UserDAO:209 - Entering initialInsertAndGetKeys() method with entity: RegistrationDTO [loginId=0, userId=0, userName=null, email=test@example.com, password=null, isFirstLogin=false, role=null]
2024-08-31 09:25:55 DEBUG UserDAO:236 - Generated userId: 11
2024-08-31 09:25:55 DEBUG UserDAO:244 - Exiting initialInsertAndGetKeys() method
2024-08-31 09:29:46 DEBUG UserDAO:209 - Entering initialInsertAndGetKeys() method with entity: RegistrationDTO [loginId=0, userId=0, userName=null, email=test@example.com, password=null, isFirstLogin=false, role=null]
2024-08-31 09:29:46 DEBUG UserDAO:236 - Generated userId: 12
2024-08-31 09:29:46 DEBUG UserDAO:244 - Exiting initialInsertAndGetKeys() method
2024-08-31 23:41:45 DEBUG UserDAO:209 - Entering initialInsertAndGetKeys() method with entity: RegistrationDTO [loginId=0, userId=0, userName=null, email=test@example.com, password=null, isFirstLogin=false, role=null]
2024-08-31 23:41:45 DEBUG UserDAO:236 - Generated userId: 13
2024-08-31 23:41:45 DEBUG UserDAO:244 - Exiting initialInsertAndGetKeys() method
2024-08-31 23:43:20 DEBUG UserDAO:209 - Entering initialInsertAndGetKeys() method with entity: RegistrationDTO [loginId=0, userId=0, userName=null, email=test@example.com, password=null, isFirstLogin=false, role=null]
2024-08-31 23:43:20 DEBUG UserDAO:236 - Generated userId: 14
2024-08-31 23:43:20 DEBUG UserDAO:244 - Exiting initialInsertAndGetKeys() method
2024-08-31 23:47:08 DEBUG FavoriteProductsServiceIMPL:21 - Entering addProductToFavorites() method with favorite: FavoriteProductsEntity [fav_id=0, userId=100, productId=1, productName=null, productPrice=0.0, productDiscount=null, imgUrl=null]
2024-08-31 23:47:08 ERROR FavoriteProductsServiceIMPL:37 - Exception in addProductToFavorites() method
java.lang.RuntimeException: Product not found
	at com.revshop.service.impl.FavoriteProductsServiceIMPL.addProductToFavorites(FavoriteProductsServiceIMPL.java:24)
	at com.revature.test.FavoriteProductsServiceIMPLTest.testAddProductToFavorites_Failure(FavoriteProductsServiceIMPLTest.java:76)
	at java.base/jdk.internal.reflect.DirectMethodHandleAccessor.invoke(DirectMethodHandleAccessor.java:103)
	at java.base/java.lang.reflect.Method.invoke(Method.java:580)
	at org.junit.platform.commons.util.ReflectionUtils.invokeMethod(ReflectionUtils.java:725)
	at org.junit.jupiter.engine.execution.MethodInvocation.proceed(MethodInvocation.java:60)
	at org.junit.jupiter.engine.execution.InvocationInterceptorChain$ValidatingInvocation.proceed(InvocationInterceptorChain.java:131)
	at org.junit.jupiter.engine.extension.TimeoutExtension.intercept(TimeoutExtension.java:149)
	at org.junit.jupiter.engine.extension.TimeoutExtension.interceptTestableMethod(TimeoutExtension.java:140)
	at org.junit.jupiter.engine.extension.TimeoutExtension.interceptTestMethod(TimeoutExtension.java:84)
	at org.junit.jupiter.engine.execution.ExecutableInvoker$ReflectiveInterceptorCall.lambda$ofVoidMethod$0(ExecutableInvoker.java:115)
	at org.junit.jupiter.engine.execution.ExecutableInvoker.lambda$invoke$0(ExecutableInvoker.java:105)
	at org.junit.jupiter.engine.execution.InvocationInterceptorChain$InterceptedInvocation.proceed(InvocationInterceptorChain.java:106)
	at org.junit.jupiter.engine.execution.InvocationInterceptorChain.proceed(InvocationInterceptorChain.java:64)
	at org.junit.jupiter.engine.execution.InvocationInterceptorChain.chainAndInvoke(InvocationInterceptorChain.java:45)
	at org.junit.jupiter.engine.execution.InvocationInterceptorChain.invoke(InvocationInterceptorChain.java:37)
	at org.junit.jupiter.engine.execution.ExecutableInvoker.invoke(ExecutableInvoker.java:104)
	at org.junit.jupiter.engine.execution.ExecutableInvoker.invoke(ExecutableInvoker.java:98)
	at org.junit.jupiter.engine.descriptor.TestMethodTestDescriptor.lambda$invokeTestMethod$7(TestMethodTestDescriptor.java:214)
	at org.junit.platform.engine.support.hierarchical.ThrowableCollector.execute(ThrowableCollector.java:73)
	at org.junit.jupiter.engine.descriptor.TestMethodTestDescriptor.invokeTestMethod(TestMethodTestDescriptor.java:210)
	at org.junit.jupiter.engine.descriptor.TestMethodTestDescriptor.execute(TestMethodTestDescriptor.java:135)
	at org.junit.jupiter.engine.descriptor.TestMethodTestDescriptor.execute(TestMethodTestDescriptor.java:66)
	at org.junit.platform.engine.support.hierarchical.NodeTestTask.lambda$executeRecursively$6(NodeTestTask.java:151)
	at org.junit.platform.engine.support.hierarchical.ThrowableCollector.execute(ThrowableCollector.java:73)
	at org.junit.platform.engine.support.hierarchical.NodeTestTask.lambda$executeRecursively$8(NodeTestTask.java:141)
	at org.junit.platform.engine.support.hierarchical.Node.around(Node.java:137)
	at org.junit.platform.engine.support.hierarchical.NodeTestTask.lambda$executeRecursively$9(NodeTestTask.java:139)
	at org.junit.platform.engine.support.hierarchical.ThrowableCollector.execute(ThrowableCollector.java:73)
	at org.junit.platform.engine.support.hierarchical.NodeTestTask.executeRecursively(NodeTestTask.java:138)
	at org.junit.platform.engine.support.hierarchical.NodeTestTask.execute(NodeTestTask.java:95)
	at java.base/java.util.ArrayList.forEach(ArrayList.java:1597)
	at org.junit.platform.engine.support.hierarchical.SameThreadHierarchicalTestExecutorService.invokeAll(SameThreadHierarchicalTestExecutorService.java:41)
	at org.junit.platform.engine.support.hierarchical.NodeTestTask.lambda$executeRecursively$6(NodeTestTask.java:155)
	at org.junit.platform.engine.support.hierarchical.ThrowableCollector.execute(ThrowableCollector.java:73)
	at org.junit.platform.engine.support.hierarchical.NodeTestTask.lambda$executeRecursively$8(NodeTestTask.java:141)
	at org.junit.platform.engine.support.hierarchical.Node.around(Node.java:137)
	at org.junit.platform.engine.support.hierarchical.NodeTestTask.lambda$executeRecursively$9(NodeTestTask.java:139)
	at org.junit.platform.engine.support.hierarchical.ThrowableCollector.execute(ThrowableCollector.java:73)
	at org.junit.platform.engine.support.hierarchical.NodeTestTask.executeRecursively(NodeTestTask.java:138)
	at org.junit.platform.engine.support.hierarchical.NodeTestTask.execute(NodeTestTask.java:95)
	at java.base/java.util.ArrayList.forEach(ArrayList.java:1597)
	at org.junit.platform.engine.support.hierarchical.SameThreadHierarchicalTestExecutorService.invokeAll(SameThreadHierarchicalTestExecutorService.java:41)
	at org.junit.platform.engine.support.hierarchical.NodeTestTask.lambda$executeRecursively$6(NodeTestTask.java:155)
	at org.junit.platform.engine.support.hierarchical.ThrowableCollector.execute(ThrowableCollector.java:73)
	at org.junit.platform.engine.support.hierarchical.NodeTestTask.lambda$executeRecursively$8(NodeTestTask.java:141)
	at org.junit.platform.engine.support.hierarchical.Node.around(Node.java:137)
	at org.junit.platform.engine.support.hierarchical.NodeTestTask.lambda$executeRecursively$9(NodeTestTask.java:139)
	at org.junit.platform.engine.support.hierarchical.ThrowableCollector.execute(ThrowableCollector.java:73)
	at org.junit.platform.engine.support.hierarchical.NodeTestTask.executeRecursively(NodeTestTask.java:138)
	at org.junit.platform.engine.support.hierarchical.NodeTestTask.execute(NodeTestTask.java:95)
	at org.junit.platform.engine.support.hierarchical.SameThreadHierarchicalTestExecutorService.submit(SameThreadHierarchicalTestExecutorService.java:35)
	at org.junit.platform.engine.support.hierarchical.HierarchicalTestExecutor.execute(HierarchicalTestExecutor.java:57)
	at org.junit.platform.engine.support.hierarchical.HierarchicalTestEngine.execute(HierarchicalTestEngine.java:54)
	at org.junit.platform.launcher.core.EngineExecutionOrchestrator.execute(EngineExecutionOrchestrator.java:107)
	at org.junit.platform.launcher.core.EngineExecutionOrchestrator.execute(EngineExecutionOrchestrator.java:88)
	at org.junit.platform.launcher.core.EngineExecutionOrchestrator.lambda$execute$0(EngineExecutionOrchestrator.java:54)
	at org.junit.platform.launcher.core.EngineExecutionOrchestrator.withInterceptedStreams(EngineExecutionOrchestrator.java:67)
	at org.junit.platform.launcher.core.EngineExecutionOrchestrator.execute(EngineExecutionOrchestrator.java:52)
	at org.junit.platform.launcher.core.DefaultLauncher.execute(DefaultLauncher.java:114)
	at org.junit.platform.launcher.core.DefaultLauncher.execute(DefaultLauncher.java:95)
	at org.junit.platform.launcher.core.DefaultLauncherSession$DelegatingLauncher.execute(DefaultLauncherSession.java:91)
	at org.junit.platform.launcher.core.SessionPerRequestLauncher.execute(SessionPerRequestLauncher.java:60)
	at org.eclipse.jdt.internal.junit5.runner.JUnit5TestReference.run(JUnit5TestReference.java:100)
	at org.eclipse.jdt.internal.junit.runner.TestExecution.run(TestExecution.java:40)
	at org.eclipse.jdt.internal.junit.runner.RemoteTestRunner.runTests(RemoteTestRunner.java:529)
	at org.eclipse.jdt.internal.junit.runner.RemoteTestRunner.runTests(RemoteTestRunner.java:757)
	at org.eclipse.jdt.internal.junit.runner.RemoteTestRunner.run(RemoteTestRunner.java:452)
	at org.eclipse.jdt.internal.junit.runner.RemoteTestRunner.main(RemoteTestRunner.java:210)
2024-08-31 23:47:08 DEBUG FavoriteProductsServiceIMPL:44 - Entering getFavoritesByUserId() method with userId: 100
2024-08-31 23:47:08 DEBUG FavoriteProductsServiceIMPL:46 - Exiting getFavoritesByUserId() method with result: [FavoriteProductsEntity [fav_id=1, userId=100, productId=1, productName=null, productPrice=0.0, productDiscount=null, imgUrl=null], FavoriteProductsEntity [fav_id=2, userId=100, productId=2, productName=null, productPrice=0.0, productDiscount=null, imgUrl=null]]
2024-08-31 23:47:08 DEBUG FavoriteProductsServiceIMPL:52 - Entering removeProductFromFavorites() method with favoriteId: 1
2024-08-31 23:47:08 DEBUG FavoriteProductsServiceIMPL:54 - Exiting removeProductFromFavorites() method with result: true
2024-08-31 23:47:08 DEBUG FavoriteProductsServiceIMPL:21 - Entering addProductToFavorites() method with favorite: FavoriteProductsEntity [fav_id=0, userId=100, productId=1, productName=null, productPrice=0.0, productDiscount=null, imgUrl=null]
2024-08-31 23:47:08 DEBUG FavoriteProductsServiceIMPL:26 - Product retrieved: ProductEntity [productId=1, productName=Test Product, productDescription=null, productPrice=100.0, productDiscount=10.0, productStock=0, productBrand=null, productCategory=null, productTags=null, productStatus=null, productImage=img.jpg, sellerId=0, threshold=0]
2024-08-31 23:47:08 DEBUG FavoriteProductsServiceIMPL:34 - Exiting addProductToFavorites() method with result: true
2024-08-31 23:47:08 DEBUG FavoriteProductsServiceIMPL:52 - Entering removeProductFromFavorites() method with favoriteId: 1
2024-08-31 23:47:08 DEBUG FavoriteProductsServiceIMPL:54 - Exiting removeProductFromFavorites() method with result: false
